<?xml version="1.0" encoding="UTF-8"?>
<!-- Generated by org.testng.reporters.JUnitReportReporter -->
<testsuite hostname="Storm_Rider" failures="0" tests="1" name="ess.CreateNewProductTest" time="9.126" errors="0" timestamp="2024-11-26T10:06:23 IST" skipped="0">
  <testcase classname="ess.CreateNewProductTest" name="createNewProduct" time="9.126"/>
  <system-out/>
</testsuite> <!-- ess.CreateNewProductTest -->
